Log started at 06/27/2026 05:34:15 (2026-06-27T12:34:15Z)
Resolved project argument D:/Documents/Unreal Projects/IronBreach/IronBreach.uproject to D:\Documents\Unreal Projects\IronBreach\IronBreach.uproject
No config file at C:\ProgramData\Unreal Engine\UnrealBuildTool\BuildConfiguration.xml
No config file at C:\Users\Shane Becker\AppData\Local\Unreal Engine\UnrealBuildTool\BuildConfiguration.xml
No config file at D:\Documents\Unreal Engine\UnrealBuildTool\BuildConfiguration.xml
Configuration will be read from:
  C:\Users\Shane Becker\AppData\Roaming\Unreal Engine\UnrealBuildTool\BuildConfiguration.xml
Reading configuration file from cache (D:\Documents\Unreal Projects\IronBreach\Intermediate\Build\XmlConfigCache.bin): C:\Users\Shane Becker\AppData\Roaming\Unreal Engine\UnrealBuildTool\BuildConfiguration.xml
Reading configuration file from cache (D:\Documents\Unreal Projects\IronBreach\Intermediate\Build\XmlConfigCache.bin): D:\Documents\Unreal Projects\IronBreach\Saved\UnrealBuildTool\BuildConfiguration.xml
Reading configuration file from cache (D:\Documents\Unreal Projects\IronBreach\Intermediate\Build\XmlConfigCache.bin): C:\Users\Shane Becker\AppData\Local\UnrealEngine\Intermediate\Build\UnrealBuildTool.Env.BuildConfiguration.xml
Log file: D:\Documents\Unreal Projects\IronBreach\Saved\Logs\UnrealVersionSelector-2026.06.27-05.34.14.log

Setting temp directory to 'C:\Users\Shane Becker\AppData\Local\Temp\UnrealBuildTool\d4b612ca'
    Registering build platform: UnrealBuildTool.AndroidPlatformFactory
    Registering build platform: UnrealBuildTool.IOSPlatformFactory
    Registering build platform: UnrealBuildTool.LinuxPlatformFactory
    Registering build platform: UnrealBuildTool.MacPlatformFactory
    Registering build platform: UnrealBuildTool.TVOSPlatformFactory
    Registering build platform: UnrealBuildTool.WindowsPlatformFactory
Unable to find valid SDK(s) for Win64:
  Found Sdk Version, MinRequired=10.0.19041.0, MaxRequired=10.9.99999.0.
  Found AutoSdk Version, Required=10.0.22621.0.
        Registering build platform: Win64 - buildable: False
    Registering build platform: UnrealBuildTool.VisionOSPlatformFactory
Resolved project argument D:/Documents/Unreal Projects/IronBreach/IronBreach.uproject to D:\Documents\Unreal Projects\IronBreach\IronBreach.uproject
Reading configuration file from cache (D:\Documents\Unreal Projects\IronBreach\Intermediate\Build\XmlConfigCache.bin): C:\Users\Shane Becker\AppData\Roaming\Unreal Engine\UnrealBuildTool\BuildConfiguration.xml
Reading configuration file from cache (D:\Documents\Unreal Projects\IronBreach\Intermediate\Build\XmlConfigCache.bin): D:\Documents\Unreal Projects\IronBreach\Saved\UnrealBuildTool\BuildConfiguration.xml
Reading configuration file from cache (D:\Documents\Unreal Projects\IronBreach\Intermediate\Build\XmlConfigCache.bin): C:\Users\Shane Becker\AppData\Local\UnrealEngine\Intermediate\Build\UnrealBuildTool.Env.BuildConfiguration.xml
Registering project generator UnrealBuildTool.AndroidProjectGenerator for Android
Skipping project file generator registration for Android due to no valid BuildPlatform.
Registering project generator UnrealBuildTool.IOSProjectGenerator for IOS
Skipping project file generator registration for IOS due to no valid BuildPlatform.
Registering project generator UnrealBuildTool.LinuxProjectGenerator for Linux
Skipping project file generator registration for Linux due to no valid BuildPlatform.
Registering project generator UnrealBuildTool.LinuxProjectGenerator for LinuxArm64
Skipping project file generator registration for LinuxArm64 due to no valid BuildPlatform.
Registering project generator UnrealBuildTool.MacProjectGenerator for Mac
Skipping project file generator registration for Mac due to no valid BuildPlatform.
Registering project generator UnrealBuildTool.TVOSProjectGenerator for TVOS
Skipping project file generator registration for TVOS due to no valid BuildPlatform.
Registering project generator UnrealBuildTool.WindowsProjectGenerator for Win64
Registering project generator UnrealBuildTool.VisionOSProjectGenerator for VisionOS
Skipping project file generator registration for VisionOS due to no valid BuildPlatform.

---   SDK INFO START   ---

Some Platforms were skipped due to invalid SDK setup: Win64.
See the log file for detailed information

---   SDK INFO END   ---


Generating VisualStudio project files:
Discovering modules, targets and source code for project...
Unable to enumerate Visual Studio installations
Detected supported platforms: Win64
Writing automation project files took 0.03s
Unexpected ProjectFileFormat 'Default'
BuildException: Unexpected ProjectFileFormat 'Default'
   at UnrealBuildTool.ProjectFiles.VisualStudio.VisualStudioSolutionBuilder`1.BuildSolution(VCProjectFileFormat format, Boolean forSlnx)
   at UnrealBuildTool.VCProjectFileGenerator.GenerateAutomationProjectFiles(List`1 AllGameProjects, PlatformProjectGeneratorCollection PlatformProjectGenerators, ILogger Logger)
   at UnrealBuildTool.ProjectFileGenerator.GenerateProjectFiles(PlatformProjectGeneratorCollection PlatformProjectGenerators, String[] Arguments, ILogger Logger)
   at UnrealBuildTool.GenerateProjectFilesMode.ExecuteAsync(CommandLineArguments Arguments, ILogger Logger)
   at UnrealBuildTool.UnrealBuildTool.Main(String[] ArgumentsArray)
WriteFileIfChanged() wrote 0 changed files of 2 requested writes.

Timeline:
[  0.000]  +0.472 Main
   0.061          [  0.061]  +0.095 Apply XmlConfig
   0.166          [  0.166]  +0.087 AddTelemetry
   0.319          [  0.318]  +0.153 RegisterPlatforms
[  0.648]  +3.595 Generating VisualStudio project files
   0.797          [  0.148]  +3.412 Adding Automation Projects
   0.797             0.148          [  0.000]  +0.343 <unknown>
   1.140             0.491          [  0.343]  +0.631 IOS.Automation.csproj
   1.772             1.123          [  0.974]  +0.333 SmartlingLocalization.Automation.csproj
   2.105             1.456          [  1.308]  +0.329 SteamDeck.Automation.csproj
   2.435             1.786          [  1.637]  +0.214 <unknown>
   2.649             2.000          [  1.852]  +0.401 UnrealBuildTool.csproj
   3.066             2.418          [  2.269]  +0.290 EpicGames.LogMatchers.Tests.csproj
   3.367             2.718          [  2.570]  +0.380 EpicGames.MsBuild.csproj
   3.771             3.122          [  2.973]  +0.224 EpicGames.IoHash.Tests.csproj
   4.000             3.351          [  3.203]  +0.199 EpicGames.Perforce.Fixture.csproj
   4.210          [  3.561]  +0.033 Writing automation project files
[  4.249]  +0.004 TelemetryService.FlushEvents
[  4.254]

Result: Failed (OtherCompilationError)
Total execution time: 4.25 seconds
